<?xml version="1.0" encoding="UTF-8" ?>
<testsuites>

  <testsuite name="Player" errors="0" tests="2" failures="0" time="0.01" timestamp="2013-06-18T17:24:45.133Z">
    
      <testcase assertions="2" classname="Player" name="should be able to play a Song" time="0.004">
        
      </testcase>
    
      <testcase assertions="1" classname="Player" name="tells the current song if the user has made it a favorite" time="0.001">
        
      </testcase>
    
  </testsuite>

  <testsuite name="Player when song has been paused" errors="0" tests="2" failures="0" time="0.002" timestamp="2013-06-18T17:24:45.130Z">
    
      <testcase assertions="2" classname="Player when song has been paused" name="should indicate that the song is currently paused" time="0.001">
        
      </testcase>
    
      <testcase assertions="2" classname="Player when song has been paused" name="should be possible to resume" time="0.001">
        
      </testcase>
    
  </testsuite>

  <testsuite name="Player #resume" errors="0" tests="1" failures="0" time="0" timestamp="2013-06-18T17:24:45.132Z">
    
      <testcase assertions="1" classname="Player #resume" name="should throw an exception if song is already playing" time="0">
        
      </testcase>
    
  </testsuite>

</testsuites>